The system is: Linux - 5.3.0-51-generic - x86_64
Compiling the C compiler identification source file "CMakeCCompilerId.c" succeeded.
Compiler: /usr/bin/cc 
Build flags: 
Id flags:  

The output was:
0


Compilation of the C compiler identification source "CMakeCCompilerId.c" produced "a.out"

The C compiler identification is GNU, found in "/home/ilya/Desktop/code/git_tool/libgit2/build/CMakeFiles/3.10.2/CompilerIdC/a.out"

Determining if the C compiler works passed with the following output:
Change Dir: /home/ilya/Desktop/code/git_tool/libgit2/build/CMakeFiles/CMakeTmp

Run Build Command:"/usr/bin/make" "cmTC_6262b/fast"
/usr/bin/make -f CMakeFiles/cmTC_6262b.dir/build.make CMakeFiles/cmTC_6262b.dir/build
make[1]: Entering directory '/home/ilya/Desktop/code/git_tool/libgit2/build/CMakeFiles/CMakeTmp'
Building C object CMakeFiles/cmTC_6262b.dir/testCCompiler.c.o
/usr/bin/cc    -o CMakeFiles/cmTC_6262b.dir/testCCompiler.c.o   -c /home/ilya/Desktop/code/git_tool/libgit2/build/CMakeFiles/CMakeTmp/testCCompiler.c
Linking C executable cmTC_6262b
/usr/bin/cmake -E cmake_link_script CMakeFiles/cmTC_6262b.dir/link.txt --verbose=1
/usr/bin/cc      -rdynamic CMakeFiles/cmTC_6262b.dir/testCCompiler.c.o  -o cmTC_6262b 
make[1]: Leaving directory '/home/ilya/Desktop/code/git_tool/libgit2/build/CMakeFiles/CMakeTmp'


Detecting C compiler ABI info compiled with the following output:
Change Dir: /home/ilya/Desktop/code/git_tool/libgit2/build/CMakeFiles/CMakeTmp

Run Build Command:"/usr/bin/make" "cmTC_c3b70/fast"
/usr/bin/make -f CMakeFiles/cmTC_c3b70.dir/build.make CMakeFiles/cmTC_c3b70.dir/build
make[1]: Entering directory '/home/ilya/Desktop/code/git_tool/libgit2/build/CMakeFiles/CMakeTmp'
Building C object CMakeFiles/cmTC_c3b70.dir/CMakeCCompilerABI.c.o
/usr/bin/cc    -o CMakeFiles/cmTC_c3b70.dir/CMakeCCompilerABI.c.o   -c /usr/share/cmake-3.10/Modules/CMakeCCompilerABI.c
Linking C executable cmTC_c3b70
/usr/bin/cmake -E cmake_link_script CMakeFiles/cmTC_c3b70.dir/link.txt --verbose=1
/usr/bin/cc     -v -rdynamic CMakeFiles/cmTC_c3b70.dir/CMakeCCompilerABI.c.o  -o cmTC_c3b70 
Using built-in specs.
COLLECT_GCC=/usr/bin/cc
COLLECT_LTO_WRAPPER=/usr/lib/gcc/x86_64-linux-gnu/9/lto-wrapper
OFFLOAD_TARGET_NAMES=nvptx-none:hsa
OFFLOAD_TARGET_DEFAULT=1
Target: x86_64-linux-gnu
Configured with: ../src/configure -v --with-pkgversion='Ubuntu 9.3.0-11ubuntu0~18.04.1' --with-bugurl=file:///usr/share/doc/gcc-9/README.Bugs --enable-languages=c,ada,c++,go,brig,d,fortran,objc,obj-c++,gm2 --prefix=/usr --with-gcc-major-version-only --program-suffix=-9 --program-prefix=x86_64-linux-gnu- --enable-shared --enable-linker-build-id --libexecdir=/usr/lib --without-included-gettext --enable-threads=posix --libdir=/usr/lib --enable-nls --enable-clocale=gnu --enable-libstdcxx-debug --enable-libstdcxx-time=yes --with-default-libstdcxx-abi=new --enable-gnu-unique-object --disable-vtable-verify --enable-plugin --enable-default-pie --with-system-zlib --with-target-system-zlib=auto --enable-objc-gc=auto --enable-multiarch --disable-werror --with-arch-32=i686 --with-abi=m64 --with-multilib-list=m32,m64,mx32 --enable-multilib --with-tune=generic --enable-offload-targets=nvptx-none,hsa --without-cuda-driver --enable-checking=release --build=x86_64-linux-gnu --host=x86_64-linux-gnu --target=x86_64-linux-gnu
Thread model: posix
gcc version 9.3.0 (Ubuntu 9.3.0-11ubuntu0~18.04.1) 
COMPILER_PATH=/usr/lib/gcc/x86_64-linux-gnu/9/:/usr/lib/gcc/x86_64-linux-gnu/9/:/usr/lib/gcc/x86_64-linux-gnu/:/usr/lib/gcc/x86_64-linux-gnu/9/:/usr/lib/gcc/x86_64-linux-gnu/
LIBRARY_PATH=/usr/lib/gcc/x86_64-linux-gnu/9/:/usr/lib/gcc/x86_64-linux-gnu/9/../../../x86_64-linux-gnu/:/usr/lib/gcc/x86_64-linux-gnu/9/../../../../lib/:/lib/x86_64-linux-gnu/:/lib/../lib/:/usr/lib/x86_64-linux-gnu/:/usr/lib/../lib/:/usr/lib/gcc/x86_64-linux-gnu/9/../../../:/lib/:/usr/lib/
COLLECT_GCC_OPTIONS='-v' '-rdynamic' '-o' 'cmTC_c3b70' '-mtune=generic' '-march=x86-64'
 /usr/lib/gcc/x86_64-linux-gnu/9/collect2 -plugin /usr/lib/gcc/x86_64-linux-gnu/9/liblto_plugin.so -plugin-opt=/usr/lib/gcc/x86_64-linux-gnu/9/lto-wrapper -plugin-opt=-fresolution=/tmp/ccyFVEo1.res -plugin-opt=-pass-through=-lgcc -plugin-opt=-pass-through=-lgcc_s -plugin-opt=-pass-through=-lc -plugin-opt=-pass-through=-lgcc -plugin-opt=-pass-through=-lgcc_s --build-id --eh-frame-hdr -m elf_x86_64 --hash-style=gnu --as-needed -export-dynamic -dynamic-linker /lib64/ld-linux-x86-64.so.2 -pie -z now -z relro -o cmTC_c3b70 /usr/lib/gcc/x86_64-linux-gnu/9/../../../x86_64-linux-gnu/Scrt1.o /usr/lib/gcc/x86_64-linux-gnu/9/../../../x86_64-linux-gnu/crti.o /usr/lib/gcc/x86_64-linux-gnu/9/crtbeginS.o -L/usr/lib/gcc/x86_64-linux-gnu/9 -L/usr/lib/gcc/x86_64-linux-gnu/9/../../../x86_64-linux-gnu -L/usr/lib/gcc/x86_64-linux-gnu/9/../../../../lib -L/lib/x86_64-linux-gnu -L/lib/../lib -L/usr/lib/x86_64-linux-gnu -L/usr/lib/../lib -L/usr/lib/gcc/x86_64-linux-gnu/9/../../.. CMakeFiles/cmTC_c3b70.dir/CMakeCCompilerABI.c.o -lgcc --push-state --as-needed -lgcc_s --pop-state -lc -lgcc --push-state --as-needed -lgcc_s --pop-state /usr/lib/gcc/x86_64-linux-gnu/9/crtendS.o /usr/lib/gcc/x86_64-linux-gnu/9/../../../x86_64-linux-gnu/crtn.o
COLLECT_GCC_OPTIONS='-v' '-rdynamic' '-o' 'cmTC_c3b70' '-mtune=generic' '-march=x86-64'
make[1]: Leaving directory '/home/ilya/Desktop/code/git_tool/libgit2/build/CMakeFiles/CMakeTmp'


Parsed C implicit link information from above output:
  link line regex: [^( *|.*[/\])(ld|CMAKE_LINK_STARTFILE-NOTFOUND|([^/\]+-)?ld|collect2)[^/\]*( |$)]
  ignore line: [Change Dir: /home/ilya/Desktop/code/git_tool/libgit2/build/CMakeFiles/CMakeTmp]
  ignore line: []
  ignore line: [Run Build Command:"/usr/bin/make" "cmTC_c3b70/fast"]
  ignore line: [/usr/bin/make -f CMakeFiles/cmTC_c3b70.dir/build.make CMakeFiles/cmTC_c3b70.dir/build]
  ignore line: [make[1]: Entering directory '/home/ilya/Desktop/code/git_tool/libgit2/build/CMakeFiles/CMakeTmp']
  ignore line: [Building C object CMakeFiles/cmTC_c3b70.dir/CMakeCCompilerABI.c.o]
  ignore line: [/usr/bin/cc    -o CMakeFiles/cmTC_c3b70.dir/CMakeCCompilerABI.c.o   -c /usr/share/cmake-3.10/Modules/CMakeCCompilerABI.c]
  ignore line: [Linking C executable cmTC_c3b70]
  ignore line: [/usr/bin/cmake -E cmake_link_script CMakeFiles/cmTC_c3b70.dir/link.txt --verbose=1]
  ignore line: [/usr/bin/cc     -v -rdynamic CMakeFiles/cmTC_c3b70.dir/CMakeCCompilerABI.c.o  -o cmTC_c3b70 ]
  ignore line: [Using built-in specs.]
  ignore line: [COLLECT_GCC=/usr/bin/cc]
  ignore line: [COLLECT_LTO_WRAPPER=/usr/lib/gcc/x86_64-linux-gnu/9/lto-wrapper]
  ignore line: [OFFLOAD_TARGET_NAMES=nvptx-none:hsa]
  ignore line: [OFFLOAD_TARGET_DEFAULT=1]
  ignore line: [Target: x86_64-linux-gnu]
  ignore line: [Configured with: ../src/configure -v --with-pkgversion='Ubuntu 9.3.0-11ubuntu0~18.04.1' --with-bugurl=file:///usr/share/doc/gcc-9/README.Bugs --enable-languages=c,ada,c++,go,brig,d,fortran,objc,obj-c++,gm2 --prefix=/usr --with-gcc-major-version-only --program-suffix=-9 --program-prefix=x86_64-linux-gnu- --enable-shared --enable-linker-build-id --libexecdir=/usr/lib --without-included-gettext --enable-threads=posix --libdir=/usr/lib --enable-nls --enable-clocale=gnu --enable-libstdcxx-debug --enable-libstdcxx-time=yes --with-default-libstdcxx-abi=new --enable-gnu-unique-object --disable-vtable-verify --enable-plugin --enable-default-pie --with-system-zlib --with-target-system-zlib=auto --enable-objc-gc=auto --enable-multiarch --disable-werror --with-arch-32=i686 --with-abi=m64 --with-multilib-list=m32,m64,mx32 --enable-multilib --with-tune=generic --enable-offload-targets=nvptx-none,hsa --without-cuda-driver --enable-checking=release --build=x86_64-linux-gnu --host=x86_64-linux-gnu --target=x86_64-linux-gnu]
  ignore line: [Thread model: posix]
  ignore line: [gcc version 9.3.0 (Ubuntu 9.3.0-11ubuntu0~18.04.1) ]
  ignore line: [COMPILER_PATH=/usr/lib/gcc/x86_64-linux-gnu/9/:/usr/lib/gcc/x86_64-linux-gnu/9/:/usr/lib/gcc/x86_64-linux-gnu/:/usr/lib/gcc/x86_64-linux-gnu/9/:/usr/lib/gcc/x86_64-linux-gnu/]
  ignore line: [LIBRARY_PATH=/usr/lib/gcc/x86_64-linux-gnu/9/:/usr/lib/gcc/x86_64-linux-gnu/9/../../../x86_64-linux-gnu/:/usr/lib/gcc/x86_64-linux-gnu/9/../../../../lib/:/lib/x86_64-linux-gnu/:/lib/../lib/:/usr/lib/x86_64-linux-gnu/:/usr/lib/../lib/:/usr/lib/gcc/x86_64-linux-gnu/9/../../../:/lib/:/usr/lib/]
  ignore line: [COLLECT_GCC_OPTIONS='-v' '-rdynamic' '-o' 'cmTC_c3b70' '-mtune=generic' '-march=x86-64']
  link line: [ /usr/lib/gcc/x86_64-linux-gnu/9/collect2 -plugin /usr/lib/gcc/x86_64-linux-gnu/9/liblto_plugin.so -plugin-opt=/usr/lib/gcc/x86_64-linux-gnu/9/lto-wrapper -plugin-opt=-fresolution=/tmp/ccyFVEo1.res -plugin-opt=-pass-through=-lgcc -plugin-opt=-pass-through=-lgcc_s -plugin-opt=-pass-through=-lc -plugin-opt=-pass-through=-lgcc -plugin-opt=-pass-through=-lgcc_s --build-id --eh-frame-hdr -m elf_x86_64 --hash-style=gnu --as-needed -export-dynamic -dynamic-linker /lib64/ld-linux-x86-64.so.2 -pie -z now -z relro -o cmTC_c3b70 /usr/lib/gcc/x86_64-linux-gnu/9/../../../x86_64-linux-gnu/Scrt1.o /usr/lib/gcc/x86_64-linux-gnu/9/../../../x86_64-linux-gnu/crti.o /usr/lib/gcc/x86_64-linux-gnu/9/crtbeginS.o -L/usr/lib/gcc/x86_64-linux-gnu/9 -L/usr/lib/gcc/x86_64-linux-gnu/9/../../../x86_64-linux-gnu -L/usr/lib/gcc/x86_64-linux-gnu/9/../../../../lib -L/lib/x86_64-linux-gnu -L/lib/../lib -L/usr/lib/x86_64-linux-gnu -L/usr/lib/../lib -L/usr/lib/gcc/x86_64-linux-gnu/9/../../.. CMakeFiles/cmTC_c3b70.dir/CMakeCCompilerABI.c.o -lgcc --push-state --as-needed -lgcc_s --pop-state -lc -lgcc --push-state --as-needed -lgcc_s --pop-state /usr/lib/gcc/x86_64-linux-gnu/9/crtendS.o /usr/lib/gcc/x86_64-linux-gnu/9/../../../x86_64-linux-gnu/crtn.o]
    arg [/usr/lib/gcc/x86_64-linux-gnu/9/collect2] ==> ignore
    arg [-plugin] ==> ignore
    arg [/usr/lib/gcc/x86_64-linux-gnu/9/liblto_plugin.so] ==> ignore
    arg [-plugin-opt=/usr/lib/gcc/x86_64-linux-gnu/9/lto-wrapper] ==> ignore
    arg [-plugin-opt=-fresolution=/tmp/ccyFVEo1.res] ==> ignore
    arg [-plugin-opt=-pass-through=-lgcc] ==> ignore
    arg [-plugin-opt=-pass-through=-lgcc_s] ==> ignore
    arg [-plugin-opt=-pass-through=-lc] ==> ignore
    arg [-plugin-opt=-pass-through=-lgcc] ==> ignore
    arg [-plugin-opt=-pass-through=-lgcc_s] ==> ignore
    arg [--build-id] ==> ignore
    arg [--eh-frame-hdr] ==> ignore
    arg [-m] ==> ignore
    arg [elf_x86_64] ==> ignore
    arg [--hash-style=gnu] ==> ignore
    arg [--as-needed] ==> ignore
    arg [-export-dynamic] ==> ignore
    arg [-dynamic-linker] ==> ignore
    arg [/lib64/ld-linux-x86-64.so.2] ==> ignore
    arg [-pie] ==> ignore
    arg [-znow] ==> ignore
    arg [-zrelro] ==> ignore
    arg [-o] ==> ignore
    arg [cmTC_c3b70] ==> ignore
    arg [/usr/lib/gcc/x86_64-linux-gnu/9/../../../x86_64-linux-gnu/Scrt1.o] ==> ignore
    arg [/usr/lib/gcc/x86_64-linux-gnu/9/../../../x86_64-linux-gnu/crti.o] ==> ignore
    arg [/usr/lib/gcc/x86_64-linux-gnu/9/crtbeginS.o] ==> ignore
    arg [-L/usr/lib/gcc/x86_64-linux-gnu/9] ==> dir [/usr/lib/gcc/x86_64-linux-gnu/9]
    arg [-L/usr/lib/gcc/x86_64-linux-gnu/9/../../../x86_64-linux-gnu] ==> dir [/usr/lib/gcc/x86_64-linux-gnu/9/../../../x86_64-linux-gnu]
    arg [-L/usr/lib/gcc/x86_64-linux-gnu/9/../../../../lib] ==> dir [/usr/lib/gcc/x86_64-linux-gnu/9/../../../../lib]
    arg [-L/lib/x86_64-linux-gnu] ==> dir [/lib/x86_64-linux-gnu]
    arg [-L/lib/../lib] ==> dir [/lib/../lib]
    arg [-L/usr/lib/x86_64-linux-gnu] ==> dir [/usr/lib/x86_64-linux-gnu]
    arg [-L/usr/lib/../lib] ==> dir [/usr/lib/../lib]
    arg [-L/usr/lib/gcc/x86_64-linux-gnu/9/../../..] ==> dir [/usr/lib/gcc/x86_64-linux-gnu/9/../../..]
    arg [CMakeFiles/cmTC_c3b70.dir/CMakeCCompilerABI.c.o] ==> ignore
    arg [-lgcc] ==> lib [gcc]
    arg [--push-state] ==> ignore
    arg [--as-needed] ==> ignore
    arg [-lgcc_s] ==> lib [gcc_s]
    arg [--pop-state] ==> ignore
    arg [-lc] ==> lib [c]
    arg [-lgcc] ==> lib [gcc]
    arg [--push-state] ==> ignore
    arg [--as-needed] ==> ignore
    arg [-lgcc_s] ==> lib [gcc_s]
    arg [--pop-state] ==> ignore
    arg [/usr/lib/gcc/x86_64-linux-gnu/9/crtendS.o] ==> ignore
    arg [/usr/lib/gcc/x86_64-linux-gnu/9/../../../x86_64-linux-gnu/crtn.o] ==> ignore
  collapse library dir [/usr/lib/gcc/x86_64-linux-gnu/9] ==> [/usr/lib/gcc/x86_64-linux-gnu/9]
  collapse library dir [/usr/lib/gcc/x86_64-linux-gnu/9/../../../x86_64-linux-gnu] ==> [/usr/lib/x86_64-linux-gnu]
  collapse library dir [/usr/lib/gcc/x86_64-linux-gnu/9/../../../../lib] ==> [/usr/lib]
  collapse library dir [/lib/x86_64-linux-gnu] ==> [/lib/x86_64-linux-gnu]
  collapse library dir [/lib/../lib] ==> [/lib]
  collapse library dir [/usr/lib/x86_64-linux-gnu] ==> [/usr/lib/x86_64-linux-gnu]
  collapse library dir [/usr/lib/../lib] ==> [/usr/lib]
  collapse library dir [/usr/lib/gcc/x86_64-linux-gnu/9/../../..] ==> [/usr/lib]
  implicit libs: [gcc;gcc_s;c;gcc;gcc_s]
  implicit dirs: [/usr/lib/gcc/x86_64-linux-gnu/9;/usr/lib/x86_64-linux-gnu;/usr/lib;/lib/x86_64-linux-gnu;/lib]
  implicit fwks: []




Detecting C [-std=c11] compiler features compiled with the following output:
Change Dir: /home/ilya/Desktop/code/git_tool/libgit2/build/CMakeFiles/CMakeTmp

Run Build Command:"/usr/bin/make" "cmTC_edcb5/fast"
/usr/bin/make -f CMakeFiles/cmTC_edcb5.dir/build.make CMakeFiles/cmTC_edcb5.dir/build
make[1]: Entering directory '/home/ilya/Desktop/code/git_tool/libgit2/build/CMakeFiles/CMakeTmp'
Building C object CMakeFiles/cmTC_edcb5.dir/feature_tests.c.o
/usr/bin/cc   -std=c11 -o CMakeFiles/cmTC_edcb5.dir/feature_tests.c.o   -c /home/ilya/Desktop/code/git_tool/libgit2/build/CMakeFiles/feature_tests.c
Linking C executable cmTC_edcb5
/usr/bin/cmake -E cmake_link_script CMakeFiles/cmTC_edcb5.dir/link.txt --verbose=1
/usr/bin/cc      -rdynamic CMakeFiles/cmTC_edcb5.dir/feature_tests.c.o  -o cmTC_edcb5 
make[1]: Leaving directory '/home/ilya/Desktop/code/git_tool/libgit2/build/CMakeFiles/CMakeTmp'


    Feature record: C_FEATURE:1c_function_prototypes
    Feature record: C_FEATURE:1c_restrict
    Feature record: C_FEATURE:1c_static_assert
    Feature record: C_FEATURE:1c_variadic_macros


Detecting C [-std=c99] compiler features compiled with the following output:
Change Dir: /home/ilya/Desktop/code/git_tool/libgit2/build/CMakeFiles/CMakeTmp

Run Build Command:"/usr/bin/make" "cmTC_47190/fast"
/usr/bin/make -f CMakeFiles/cmTC_47190.dir/build.make CMakeFiles/cmTC_47190.dir/build
make[1]: Entering directory '/home/ilya/Desktop/code/git_tool/libgit2/build/CMakeFiles/CMakeTmp'
Building C object CMakeFiles/cmTC_47190.dir/feature_tests.c.o
/usr/bin/cc   -std=c99 -o CMakeFiles/cmTC_47190.dir/feature_tests.c.o   -c /home/ilya/Desktop/code/git_tool/libgit2/build/CMakeFiles/feature_tests.c
Linking C executable cmTC_47190
/usr/bin/cmake -E cmake_link_script CMakeFiles/cmTC_47190.dir/link.txt --verbose=1
/usr/bin/cc      -rdynamic CMakeFiles/cmTC_47190.dir/feature_tests.c.o  -o cmTC_47190 
make[1]: Leaving directory '/home/ilya/Desktop/code/git_tool/libgit2/build/CMakeFiles/CMakeTmp'


    Feature record: C_FEATURE:1c_function_prototypes
    Feature record: C_FEATURE:1c_restrict
    Feature record: C_FEATURE:0c_static_assert
    Feature record: C_FEATURE:1c_variadic_macros


Detecting C [-std=c90] compiler features compiled with the following output:
Change Dir: /home/ilya/Desktop/code/git_tool/libgit2/build/CMakeFiles/CMakeTmp

Run Build Command:"/usr/bin/make" "cmTC_93587/fast"
/usr/bin/make -f CMakeFiles/cmTC_93587.dir/build.make CMakeFiles/cmTC_93587.dir/build
make[1]: Entering directory '/home/ilya/Desktop/code/git_tool/libgit2/build/CMakeFiles/CMakeTmp'
Building C object CMakeFiles/cmTC_93587.dir/feature_tests.c.o
/usr/bin/cc   -std=c90 -o CMakeFiles/cmTC_93587.dir/feature_tests.c.o   -c /home/ilya/Desktop/code/git_tool/libgit2/build/CMakeFiles/feature_tests.c
Linking C executable cmTC_93587
/usr/bin/cmake -E cmake_link_script CMakeFiles/cmTC_93587.dir/link.txt --verbose=1
/usr/bin/cc      -rdynamic CMakeFiles/cmTC_93587.dir/feature_tests.c.o  -o cmTC_93587 
make[1]: Leaving directory '/home/ilya/Desktop/code/git_tool/libgit2/build/CMakeFiles/CMakeTmp'


    Feature record: C_FEATURE:1c_function_prototypes
    Feature record: C_FEATURE:0c_restrict
    Feature record: C_FEATURE:0c_static_assert
    Feature record: C_FEATURE:0c_variadic_macros
Determining if the include file pthread.h exists passed with the following output:
Change Dir: /home/ilya/Desktop/code/git_tool/libgit2/build/CMakeFiles/CMakeTmp

Run Build Command:"/usr/bin/make" "cmTC_ba456/fast"
/usr/bin/make -f CMakeFiles/cmTC_ba456.dir/build.make CMakeFiles/cmTC_ba456.dir/build
make[1]: Entering directory '/home/ilya/Desktop/code/git_tool/libgit2/build/CMakeFiles/CMakeTmp'
Building C object CMakeFiles/cmTC_ba456.dir/CheckIncludeFile.c.o
/usr/bin/cc    -o CMakeFiles/cmTC_ba456.dir/CheckIncludeFile.c.o   -c /home/ilya/Desktop/code/git_tool/libgit2/build/CMakeFiles/CMakeTmp/CheckIncludeFile.c
Linking C executable cmTC_ba456
/usr/bin/cmake -E cmake_link_script CMakeFiles/cmTC_ba456.dir/link.txt --verbose=1
/usr/bin/cc      CMakeFiles/cmTC_ba456.dir/CheckIncludeFile.c.o  -o cmTC_ba456 
make[1]: Leaving directory '/home/ilya/Desktop/code/git_tool/libgit2/build/CMakeFiles/CMakeTmp'


Determining if the function pthread_create exists in the pthread passed with the following output:
Change Dir: /home/ilya/Desktop/code/git_tool/libgit2/build/CMakeFiles/CMakeTmp

Run Build Command:"/usr/bin/make" "cmTC_7146a/fast"
/usr/bin/make -f CMakeFiles/cmTC_7146a.dir/build.make CMakeFiles/cmTC_7146a.dir/build
make[1]: Entering directory '/home/ilya/Desktop/code/git_tool/libgit2/build/CMakeFiles/CMakeTmp'
Building C object CMakeFiles/cmTC_7146a.dir/CheckFunctionExists.c.o
/usr/bin/cc   -DCHECK_FUNCTION_EXISTS=pthread_create   -o CMakeFiles/cmTC_7146a.dir/CheckFunctionExists.c.o   -c /usr/share/cmake-3.10/Modules/CheckFunctionExists.c
Linking C executable cmTC_7146a
/usr/bin/cmake -E cmake_link_script CMakeFiles/cmTC_7146a.dir/link.txt --verbose=1
/usr/bin/cc  -DCHECK_FUNCTION_EXISTS=pthread_create    CMakeFiles/cmTC_7146a.dir/CheckFunctionExists.c.o  -o cmTC_7146a -lpthread 
make[1]: Leaving directory '/home/ilya/Desktop/code/git_tool/libgit2/build/CMakeFiles/CMakeTmp'


Performing C SOURCE FILE Test HAVE_STRUCT_STAT_ST_MTIM succeeded with the following output:
Change Dir: /home/ilya/Desktop/code/git_tool/libgit2/build/CMakeFiles/CMakeTmp

Run Build Command:"/usr/bin/make" "cmTC_49c5b/fast"
/usr/bin/make -f CMakeFiles/cmTC_49c5b.dir/build.make CMakeFiles/cmTC_49c5b.dir/build
make[1]: Entering directory '/home/ilya/Desktop/code/git_tool/libgit2/build/CMakeFiles/CMakeTmp'
Building C object CMakeFiles/cmTC_49c5b.dir/src.c.o
/usr/bin/cc   -DHAVE_STRUCT_STAT_ST_MTIM   -o CMakeFiles/cmTC_49c5b.dir/src.c.o   -c /home/ilya/Desktop/code/git_tool/libgit2/build/CMakeFiles/CMakeTmp/src.c
Linking C executable cmTC_49c5b
/usr/bin/cmake -E cmake_link_script CMakeFiles/cmTC_49c5b.dir/link.txt --verbose=1
/usr/bin/cc  -DHAVE_STRUCT_STAT_ST_MTIM    CMakeFiles/cmTC_49c5b.dir/src.c.o  -o cmTC_49c5b 
make[1]: Leaving directory '/home/ilya/Desktop/code/git_tool/libgit2/build/CMakeFiles/CMakeTmp'

Source file was:

#include <sys/types.h>
#include <sys/stat.h>

int main()
{
   (void)sizeof(((struct stat *)0)->st_mtim);
   return 0;
}

Performing C SOURCE FILE Test HAVE_STRUCT_STAT_NSEC succeeded with the following output:
Change Dir: /home/ilya/Desktop/code/git_tool/libgit2/build/CMakeFiles/CMakeTmp

Run Build Command:"/usr/bin/make" "cmTC_a4624/fast"
/usr/bin/make -f CMakeFiles/cmTC_a4624.dir/build.make CMakeFiles/cmTC_a4624.dir/build
make[1]: Entering directory '/home/ilya/Desktop/code/git_tool/libgit2/build/CMakeFiles/CMakeTmp'
Building C object CMakeFiles/cmTC_a4624.dir/src.c.o
/usr/bin/cc   -DHAVE_STRUCT_STAT_NSEC   -o CMakeFiles/cmTC_a4624.dir/src.c.o   -c /home/ilya/Desktop/code/git_tool/libgit2/build/CMakeFiles/CMakeTmp/src.c
Linking C executable cmTC_a4624
/usr/bin/cmake -E cmake_link_script CMakeFiles/cmTC_a4624.dir/link.txt --verbose=1
/usr/bin/cc  -DHAVE_STRUCT_STAT_NSEC    CMakeFiles/cmTC_a4624.dir/src.c.o  -o cmTC_a4624 
make[1]: Leaving directory '/home/ilya/Desktop/code/git_tool/libgit2/build/CMakeFiles/CMakeTmp'

Source file was:

#include <sys/stat.h>

int main()
{
   (void)sizeof(((struct stat *)0)->st_mtim.tv_nsec);
   return 0;
}

Performing C SOURCE FILE Test IS_WALL_SUPPORTED succeeded with the following output:
Change Dir: /home/ilya/Desktop/code/git_tool/libgit2/build/CMakeFiles/CMakeTmp

Run Build Command:"/usr/bin/make" "cmTC_bbffb/fast"
/usr/bin/make -f CMakeFiles/cmTC_bbffb.dir/build.make CMakeFiles/cmTC_bbffb.dir/build
make[1]: Entering directory '/home/ilya/Desktop/code/git_tool/libgit2/build/CMakeFiles/CMakeTmp'
Building C object CMakeFiles/cmTC_bbffb.dir/src.c.o
/usr/bin/cc   -D_GNU_SOURCE  -DIS_WALL_SUPPORTED   -Wall -o CMakeFiles/cmTC_bbffb.dir/src.c.o   -c /home/ilya/Desktop/code/git_tool/libgit2/build/CMakeFiles/CMakeTmp/src.c
Linking C executable cmTC_bbffb
/usr/bin/cmake -E cmake_link_script CMakeFiles/cmTC_bbffb.dir/link.txt --verbose=1
/usr/bin/cc -D_GNU_SOURCE  -DIS_WALL_SUPPORTED    CMakeFiles/cmTC_bbffb.dir/src.c.o  -o cmTC_bbffb 
make[1]: Leaving directory '/home/ilya/Desktop/code/git_tool/libgit2/build/CMakeFiles/CMakeTmp'

Source file was:
int main(void) { return 0; }
Performing C SOURCE FILE Test IS_WEXTRA_SUPPORTED succeeded with the following output:
Change Dir: /home/ilya/Desktop/code/git_tool/libgit2/build/CMakeFiles/CMakeTmp

Run Build Command:"/usr/bin/make" "cmTC_37412/fast"
/usr/bin/make -f CMakeFiles/cmTC_37412.dir/build.make CMakeFiles/cmTC_37412.dir/build
make[1]: Entering directory '/home/ilya/Desktop/code/git_tool/libgit2/build/CMakeFiles/CMakeTmp'
Building C object CMakeFiles/cmTC_37412.dir/src.c.o
/usr/bin/cc   -D_GNU_SOURCE  -Wall -DIS_WEXTRA_SUPPORTED   -Wextra -o CMakeFiles/cmTC_37412.dir/src.c.o   -c /home/ilya/Desktop/code/git_tool/libgit2/build/CMakeFiles/CMakeTmp/src.c
Linking C executable cmTC_37412
/usr/bin/cmake -E cmake_link_script CMakeFiles/cmTC_37412.dir/link.txt --verbose=1
/usr/bin/cc -D_GNU_SOURCE  -Wall -DIS_WEXTRA_SUPPORTED    CMakeFiles/cmTC_37412.dir/src.c.o  -o cmTC_37412 
make[1]: Leaving directory '/home/ilya/Desktop/code/git_tool/libgit2/build/CMakeFiles/CMakeTmp'

Source file was:
int main(void) { return 0; }
Performing C SOURCE FILE Test IS_FVISIBILITY_HIDDEN_SUPPORTED succeeded with the following output:
Change Dir: /home/ilya/Desktop/code/git_tool/libgit2/build/CMakeFiles/CMakeTmp

Run Build Command:"/usr/bin/make" "cmTC_f4785/fast"
/usr/bin/make -f CMakeFiles/cmTC_f4785.dir/build.make CMakeFiles/cmTC_f4785.dir/build
make[1]: Entering directory '/home/ilya/Desktop/code/git_tool/libgit2/build/CMakeFiles/CMakeTmp'
Building C object CMakeFiles/cmTC_f4785.dir/src.c.o
/usr/bin/cc   -D_GNU_SOURCE  -Wall -Wextra -DIS_FVISIBILITY_HIDDEN_SUPPORTED   -fvisibility=hidden -o CMakeFiles/cmTC_f4785.dir/src.c.o   -c /home/ilya/Desktop/code/git_tool/libgit2/build/CMakeFiles/CMakeTmp/src.c
Linking C executable cmTC_f4785
/usr/bin/cmake -E cmake_link_script CMakeFiles/cmTC_f4785.dir/link.txt --verbose=1
/usr/bin/cc -D_GNU_SOURCE  -Wall -Wextra -DIS_FVISIBILITY_HIDDEN_SUPPORTED    CMakeFiles/cmTC_f4785.dir/src.c.o  -o cmTC_f4785 
make[1]: Leaving directory '/home/ilya/Desktop/code/git_tool/libgit2/build/CMakeFiles/CMakeTmp'

Source file was:
int main(void) { return 0; }
Performing C SOURCE FILE Test IS_WNO_MISSING_FIELD_INITIALIZERS_SUPPORTED succeeded with the following output:
Change Dir: /home/ilya/Desktop/code/git_tool/libgit2/build/CMakeFiles/CMakeTmp

Run Build Command:"/usr/bin/make" "cmTC_a90a5/fast"
/usr/bin/make -f CMakeFiles/cmTC_a90a5.dir/build.make CMakeFiles/cmTC_a90a5.dir/build
make[1]: Entering directory '/home/ilya/Desktop/code/git_tool/libgit2/build/CMakeFiles/CMakeTmp'
Building C object CMakeFiles/cmTC_a90a5.dir/src.c.o
/usr/bin/cc   -D_GNU_SOURCE  -Wall -Wextra -fvisibility=hidden -fPIC -DIS_WNO_MISSING_FIELD_INITIALIZERS_SUPPORTED   -Wno-missing-field-initializers -o CMakeFiles/cmTC_a90a5.dir/src.c.o   -c /home/ilya/Desktop/code/git_tool/libgit2/build/CMakeFiles/CMakeTmp/src.c
Linking C executable cmTC_a90a5
/usr/bin/cmake -E cmake_link_script CMakeFiles/cmTC_a90a5.dir/link.txt --verbose=1
/usr/bin/cc -D_GNU_SOURCE  -Wall -Wextra -fvisibility=hidden -fPIC -DIS_WNO_MISSING_FIELD_INITIALIZERS_SUPPORTED    CMakeFiles/cmTC_a90a5.dir/src.c.o  -o cmTC_a90a5 
make[1]: Leaving directory '/home/ilya/Desktop/code/git_tool/libgit2/build/CMakeFiles/CMakeTmp'

Source file was:
int main(void) { return 0; }
Performing C SOURCE FILE Test IS_WSTRICT_ALIASING_SUPPORTED succeeded with the following output:
Change Dir: /home/ilya/Desktop/code/git_tool/libgit2/build/CMakeFiles/CMakeTmp

Run Build Command:"/usr/bin/make" "cmTC_eea3a/fast"
/usr/bin/make -f CMakeFiles/cmTC_eea3a.dir/build.make CMakeFiles/cmTC_eea3a.dir/build
make[1]: Entering directory '/home/ilya/Desktop/code/git_tool/libgit2/build/CMakeFiles/CMakeTmp'
Building C object CMakeFiles/cmTC_eea3a.dir/src.c.o
/usr/bin/cc   -D_GNU_SOURCE  -Wall -Wextra -fvisibility=hidden -fPIC -Wno-missing-field-initializers -DIS_WSTRICT_ALIASING_SUPPORTED   -Wstrict-aliasing -o CMakeFiles/cmTC_eea3a.dir/src.c.o   -c /home/ilya/Desktop/code/git_tool/libgit2/build/CMakeFiles/CMakeTmp/src.c
Linking C executable cmTC_eea3a
/usr/bin/cmake -E cmake_link_script CMakeFiles/cmTC_eea3a.dir/link.txt --verbose=1
/usr/bin/cc -D_GNU_SOURCE  -Wall -Wextra -fvisibility=hidden -fPIC -Wno-missing-field-initializers -DIS_WSTRICT_ALIASING_SUPPORTED    CMakeFiles/cmTC_eea3a.dir/src.c.o  -o cmTC_eea3a 
make[1]: Leaving directory '/home/ilya/Desktop/code/git_tool/libgit2/build/CMakeFiles/CMakeTmp'

Source file was:
int main(void) { return 0; }
Performing C SOURCE FILE Test IS_WSTRICT_PROTOTYPES_SUPPORTED succeeded with the following output:
Change Dir: /home/ilya/Desktop/code/git_tool/libgit2/build/CMakeFiles/CMakeTmp

Run Build Command:"/usr/bin/make" "cmTC_0ca0c/fast"
/usr/bin/make -f CMakeFiles/cmTC_0ca0c.dir/build.make CMakeFiles/cmTC_0ca0c.dir/build
make[1]: Entering directory '/home/ilya/Desktop/code/git_tool/libgit2/build/CMakeFiles/CMakeTmp'
Building C object CMakeFiles/cmTC_0ca0c.dir/src.c.o
/usr/bin/cc   -D_GNU_SOURCE  -Wall -Wextra -fvisibility=hidden -fPIC -Wno-missing-field-initializers -Wstrict-aliasing -DIS_WSTRICT_PROTOTYPES_SUPPORTED   -Wstrict-prototypes -o CMakeFiles/cmTC_0ca0c.dir/src.c.o   -c /home/ilya/Desktop/code/git_tool/libgit2/build/CMakeFiles/CMakeTmp/src.c
Linking C executable cmTC_0ca0c
/usr/bin/cmake -E cmake_link_script CMakeFiles/cmTC_0ca0c.dir/link.txt --verbose=1
/usr/bin/cc -D_GNU_SOURCE  -Wall -Wextra -fvisibility=hidden -fPIC -Wno-missing-field-initializers -Wstrict-aliasing -DIS_WSTRICT_PROTOTYPES_SUPPORTED    CMakeFiles/cmTC_0ca0c.dir/src.c.o  -o cmTC_0ca0c 
make[1]: Leaving directory '/home/ilya/Desktop/code/git_tool/libgit2/build/CMakeFiles/CMakeTmp'

Source file was:
int main(void) { return 0; }
Performing C SOURCE FILE Test IS_WDECLARATION_AFTER_STATEMENT_SUPPORTED succeeded with the following output:
Change Dir: /home/ilya/Desktop/code/git_tool/libgit2/build/CMakeFiles/CMakeTmp

Run Build Command:"/usr/bin/make" "cmTC_d867a/fast"
/usr/bin/make -f CMakeFiles/cmTC_d867a.dir/build.make CMakeFiles/cmTC_d867a.dir/build
make[1]: Entering directory '/home/ilya/Desktop/code/git_tool/libgit2/build/CMakeFiles/CMakeTmp'
Building C object CMakeFiles/cmTC_d867a.dir/src.c.o
/usr/bin/cc   -D_GNU_SOURCE  -Wall -Wextra -fvisibility=hidden -fPIC -Wno-missing-field-initializers -Wstrict-aliasing -Wstrict-prototypes -DIS_WDECLARATION_AFTER_STATEMENT_SUPPORTED   -Wdeclaration-after-statement -o CMakeFiles/cmTC_d867a.dir/src.c.o   -c /home/ilya/Desktop/code/git_tool/libgit2/build/CMakeFiles/CMakeTmp/src.c
Linking C executable cmTC_d867a
/usr/bin/cmake -E cmake_link_script CMakeFiles/cmTC_d867a.dir/link.txt --verbose=1
/usr/bin/cc -D_GNU_SOURCE  -Wall -Wextra -fvisibility=hidden -fPIC -Wno-missing-field-initializers -Wstrict-aliasing -Wstrict-prototypes -DIS_WDECLARATION_AFTER_STATEMENT_SUPPORTED    CMakeFiles/cmTC_d867a.dir/src.c.o  -o cmTC_d867a 
make[1]: Leaving directory '/home/ilya/Desktop/code/git_tool/libgit2/build/CMakeFiles/CMakeTmp'

Source file was:
int main(void) { return 0; }
Performing C SOURCE FILE Test IS_WSHIFT_COUNT_OVERFLOW_SUPPORTED succeeded with the following output:
Change Dir: /home/ilya/Desktop/code/git_tool/libgit2/build/CMakeFiles/CMakeTmp

Run Build Command:"/usr/bin/make" "cmTC_b3f59/fast"
/usr/bin/make -f CMakeFiles/cmTC_b3f59.dir/build.make CMakeFiles/cmTC_b3f59.dir/build
make[1]: Entering directory '/home/ilya/Desktop/code/git_tool/libgit2/build/CMakeFiles/CMakeTmp'
Building C object CMakeFiles/cmTC_b3f59.dir/src.c.o
/usr/bin/cc   -D_GNU_SOURCE  -Wall -Wextra -fvisibility=hidden -fPIC -Wno-missing-field-initializers -Wstrict-aliasing -Wstrict-prototypes -Wdeclaration-after-statement -DIS_WSHIFT_COUNT_OVERFLOW_SUPPORTED   -Wshift-count-overflow -o CMakeFiles/cmTC_b3f59.dir/src.c.o   -c /home/ilya/Desktop/code/git_tool/libgit2/build/CMakeFiles/CMakeTmp/src.c
Linking C executable cmTC_b3f59
/usr/bin/cmake -E cmake_link_script CMakeFiles/cmTC_b3f59.dir/link.txt --verbose=1
/usr/bin/cc -D_GNU_SOURCE  -Wall -Wextra -fvisibility=hidden -fPIC -Wno-missing-field-initializers -Wstrict-aliasing -Wstrict-prototypes -Wdeclaration-after-statement -DIS_WSHIFT_COUNT_OVERFLOW_SUPPORTED    CMakeFiles/cmTC_b3f59.dir/src.c.o  -o cmTC_b3f59 
make[1]: Leaving directory '/home/ilya/Desktop/code/git_tool/libgit2/build/CMakeFiles/CMakeTmp'

Source file was:
int main(void) { return 0; }
Performing C SOURCE FILE Test IS_WUNUSED_CONST_VARIABLE_SUPPORTED succeeded with the following output:
Change Dir: /home/ilya/Desktop/code/git_tool/libgit2/build/CMakeFiles/CMakeTmp

Run Build Command:"/usr/bin/make" "cmTC_47bb4/fast"
/usr/bin/make -f CMakeFiles/cmTC_47bb4.dir/build.make CMakeFiles/cmTC_47bb4.dir/build
make[1]: Entering directory '/home/ilya/Desktop/code/git_tool/libgit2/build/CMakeFiles/CMakeTmp'
Building C object CMakeFiles/cmTC_47bb4.dir/src.c.o
/usr/bin/cc   -D_GNU_SOURCE  -Wall -Wextra -fvisibility=hidden -fPIC -Wno-missing-field-initializers -Wstrict-aliasing -Wstrict-prototypes -Wdeclaration-after-statement -Wshift-count-overflow -DIS_WUNUSED_CONST_VARIABLE_SUPPORTED   -Wunused-const-variable -o CMakeFiles/cmTC_47bb4.dir/src.c.o   -c /home/ilya/Desktop/code/git_tool/libgit2/build/CMakeFiles/CMakeTmp/src.c
Linking C executable cmTC_47bb4
/usr/bin/cmake -E cmake_link_script CMakeFiles/cmTC_47bb4.dir/link.txt --verbose=1
/usr/bin/cc -D_GNU_SOURCE  -Wall -Wextra -fvisibility=hidden -fPIC -Wno-missing-field-initializers -Wstrict-aliasing -Wstrict-prototypes -Wdeclaration-after-statement -Wshift-count-overflow -DIS_WUNUSED_CONST_VARIABLE_SUPPORTED    CMakeFiles/cmTC_47bb4.dir/src.c.o  -o cmTC_47bb4 
make[1]: Leaving directory '/home/ilya/Desktop/code/git_tool/libgit2/build/CMakeFiles/CMakeTmp'

Source file was:
int main(void) { return 0; }
Performing C SOURCE FILE Test IS_WUNUSED_FUNCTION_SUPPORTED succeeded with the following output:
Change Dir: /home/ilya/Desktop/code/git_tool/libgit2/build/CMakeFiles/CMakeTmp

Run Build Command:"/usr/bin/make" "cmTC_63a92/fast"
/usr/bin/make -f CMakeFiles/cmTC_63a92.dir/build.make CMakeFiles/cmTC_63a92.dir/build
make[1]: Entering directory '/home/ilya/Desktop/code/git_tool/libgit2/build/CMakeFiles/CMakeTmp'
Building C object CMakeFiles/cmTC_63a92.dir/src.c.o
/usr/bin/cc   -D_GNU_SOURCE  -Wall -Wextra -fvisibility=hidden -fPIC -Wno-missing-field-initializers -Wstrict-aliasing -Wstrict-prototypes -Wdeclaration-after-statement -Wshift-count-overflow -Wunused-const-variable -DIS_WUNUSED_FUNCTION_SUPPORTED   -Wunused-function -o CMakeFiles/cmTC_63a92.dir/src.c.o   -c /home/ilya/Desktop/code/git_tool/libgit2/build/CMakeFiles/CMakeTmp/src.c
Linking C executable cmTC_63a92
/usr/bin/cmake -E cmake_link_script CMakeFiles/cmTC_63a92.dir/link.txt --verbose=1
/usr/bin/cc -D_GNU_SOURCE  -Wall -Wextra -fvisibility=hidden -fPIC -Wno-missing-field-initializers -Wstrict-aliasing -Wstrict-prototypes -Wdeclaration-after-statement -Wshift-count-overflow -Wunused-const-variable -DIS_WUNUSED_FUNCTION_SUPPORTED    CMakeFiles/cmTC_63a92.dir/src.c.o  -o cmTC_63a92 
make[1]: Leaving directory '/home/ilya/Desktop/code/git_tool/libgit2/build/CMakeFiles/CMakeTmp'

Source file was:
int main(void) { return 0; }
Performing C SOURCE FILE Test IS_WINT_CONVERSION_SUPPORTED succeeded with the following output:
Change Dir: /home/ilya/Desktop/code/git_tool/libgit2/build/CMakeFiles/CMakeTmp

Run Build Command:"/usr/bin/make" "cmTC_d14a3/fast"
/usr/bin/make -f CMakeFiles/cmTC_d14a3.dir/build.make CMakeFiles/cmTC_d14a3.dir/build
make[1]: Entering directory '/home/ilya/Desktop/code/git_tool/libgit2/build/CMakeFiles/CMakeTmp'
Building C object CMakeFiles/cmTC_d14a3.dir/src.c.o
/usr/bin/cc   -D_GNU_SOURCE  -Wall -Wextra -fvisibility=hidden -fPIC -Wno-missing-field-initializers -Wstrict-aliasing -Wstrict-prototypes -Wdeclaration-after-statement -Wshift-count-overflow -Wunused-const-variable -Wunused-function -DIS_WINT_CONVERSION_SUPPORTED   -Wint-conversion -o CMakeFiles/cmTC_d14a3.dir/src.c.o   -c /home/ilya/Desktop/code/git_tool/libgit2/build/CMakeFiles/CMakeTmp/src.c
Linking C executable cmTC_d14a3
/usr/bin/cmake -E cmake_link_script CMakeFiles/cmTC_d14a3.dir/link.txt --verbose=1
/usr/bin/cc -D_GNU_SOURCE  -Wall -Wextra -fvisibility=hidden -fPIC -Wno-missing-field-initializers -Wstrict-aliasing -Wstrict-prototypes -Wdeclaration-after-statement -Wshift-count-overflow -Wunused-const-variable -Wunused-function -DIS_WINT_CONVERSION_SUPPORTED    CMakeFiles/cmTC_d14a3.dir/src.c.o  -o cmTC_d14a3 
make[1]: Leaving directory '/home/ilya/Desktop/code/git_tool/libgit2/build/CMakeFiles/CMakeTmp'

Source file was:
int main(void) { return 0; }
Performing C SOURCE FILE Test IS_WFORMAT_SUPPORTED succeeded with the following output:
Change Dir: /home/ilya/Desktop/code/git_tool/libgit2/build/CMakeFiles/CMakeTmp

Run Build Command:"/usr/bin/make" "cmTC_65b05/fast"
/usr/bin/make -f CMakeFiles/cmTC_65b05.dir/build.make CMakeFiles/cmTC_65b05.dir/build
make[1]: Entering directory '/home/ilya/Desktop/code/git_tool/libgit2/build/CMakeFiles/CMakeTmp'
Building C object CMakeFiles/cmTC_65b05.dir/src.c.o
/usr/bin/cc   -D_GNU_SOURCE  -Wall -Wextra -fvisibility=hidden -fPIC -Wno-missing-field-initializers -Wstrict-aliasing -Wstrict-prototypes -Wdeclaration-after-statement -Wshift-count-overflow -Wunused-const-variable -Wunused-function -Wint-conversion -DIS_WFORMAT_SUPPORTED   -Wformat -o CMakeFiles/cmTC_65b05.dir/src.c.o   -c /home/ilya/Desktop/code/git_tool/libgit2/build/CMakeFiles/CMakeTmp/src.c
Linking C executable cmTC_65b05
/usr/bin/cmake -E cmake_link_script CMakeFiles/cmTC_65b05.dir/link.txt --verbose=1
/usr/bin/cc -D_GNU_SOURCE  -Wall -Wextra -fvisibility=hidden -fPIC -Wno-missing-field-initializers -Wstrict-aliasing -Wstrict-prototypes -Wdeclaration-after-statement -Wshift-count-overflow -Wunused-const-variable -Wunused-function -Wint-conversion -DIS_WFORMAT_SUPPORTED    CMakeFiles/cmTC_65b05.dir/src.c.o  -o cmTC_65b05 
make[1]: Leaving directory '/home/ilya/Desktop/code/git_tool/libgit2/build/CMakeFiles/CMakeTmp'

Source file was:
int main(void) { return 0; }
Performing C SOURCE FILE Test IS_WFORMAT_SECURITY_SUPPORTED succeeded with the following output:
Change Dir: /home/ilya/Desktop/code/git_tool/libgit2/build/CMakeFiles/CMakeTmp

Run Build Command:"/usr/bin/make" "cmTC_b6aad/fast"
/usr/bin/make -f CMakeFiles/cmTC_b6aad.dir/build.make CMakeFiles/cmTC_b6aad.dir/build
make[1]: Entering directory '/home/ilya/Desktop/code/git_tool/libgit2/build/CMakeFiles/CMakeTmp'
Building C object CMakeFiles/cmTC_b6aad.dir/src.c.o
/usr/bin/cc   -D_GNU_SOURCE  -Wall -Wextra -fvisibility=hidden -fPIC -Wno-missing-field-initializers -Wstrict-aliasing -Wstrict-prototypes -Wdeclaration-after-statement -Wshift-count-overflow -Wunused-const-variable -Wunused-function -Wint-conversion -Wformat -DIS_WFORMAT_SECURITY_SUPPORTED   -Wformat-security -o CMakeFiles/cmTC_b6aad.dir/src.c.o   -c /home/ilya/Desktop/code/git_tool/libgit2/build/CMakeFiles/CMakeTmp/src.c
Linking C executable cmTC_b6aad
/usr/bin/cmake -E cmake_link_script CMakeFiles/cmTC_b6aad.dir/link.txt --verbose=1
/usr/bin/cc -D_GNU_SOURCE  -Wall -Wextra -fvisibility=hidden -fPIC -Wno-missing-field-initializers -Wstrict-aliasing -Wstrict-prototypes -Wdeclaration-after-statement -Wshift-count-overflow -Wunused-const-variable -Wunused-function -Wint-conversion -Wformat -DIS_WFORMAT_SECURITY_SUPPORTED    CMakeFiles/cmTC_b6aad.dir/src.c.o  -o cmTC_b6aad 
make[1]: Leaving directory '/home/ilya/Desktop/code/git_tool/libgit2/build/CMakeFiles/CMakeTmp'

Source file was:
int main(void) { return 0; }
Determining if the function futimens exists passed with the following output:
Change Dir: /home/ilya/Desktop/code/git_tool/libgit2/build/CMakeFiles/CMakeTmp

Run Build Command:"/usr/bin/make" "cmTC_6b911/fast"
/usr/bin/make -f CMakeFiles/cmTC_6b911.dir/build.make CMakeFiles/cmTC_6b911.dir/build
make[1]: Entering directory '/home/ilya/Desktop/code/git_tool/libgit2/build/CMakeFiles/CMakeTmp'
Building C object CMakeFiles/cmTC_6b911.dir/CheckFunctionExists.c.o
/usr/bin/cc   -D_GNU_SOURCE  -Wall -Wextra -fvisibility=hidden -fPIC -Wno-missing-field-initializers -Wstrict-aliasing -Wstrict-prototypes -Wdeclaration-after-statement -Wshift-count-overflow -Wunused-const-variable -Wunused-function -Wint-conversion -Wformat -Wformat-security -DCHECK_FUNCTION_EXISTS=futimens   -o CMakeFiles/cmTC_6b911.dir/CheckFunctionExists.c.o   -c /usr/share/cmake-3.10/Modules/CheckFunctionExists.c
Linking C executable cmTC_6b911
/usr/bin/cmake -E cmake_link_script CMakeFiles/cmTC_6b911.dir/link.txt --verbose=1
/usr/bin/cc -D_GNU_SOURCE  -Wall -Wextra -fvisibility=hidden -fPIC -Wno-missing-field-initializers -Wstrict-aliasing -Wstrict-prototypes -Wdeclaration-after-statement -Wshift-count-overflow -Wunused-const-variable -Wunused-function -Wint-conversion -Wformat -Wformat-security -DCHECK_FUNCTION_EXISTS=futimens    CMakeFiles/cmTC_6b911.dir/CheckFunctionExists.c.o  -o cmTC_6b911 
make[1]: Leaving directory '/home/ilya/Desktop/code/git_tool/libgit2/build/CMakeFiles/CMakeTmp'


Determining if the prototype qsort_r exists for HAVE_QSORT_R_GNU passed with the following output:
Change Dir: /home/ilya/Desktop/code/git_tool/libgit2/build/CMakeFiles/CMakeTmp

Run Build Command:"/usr/bin/make" "cmTC_c7f10/fast"
/usr/bin/make -f CMakeFiles/cmTC_c7f10.dir/build.make CMakeFiles/cmTC_c7f10.dir/build
make[1]: Entering directory '/home/ilya/Desktop/code/git_tool/libgit2/build/CMakeFiles/CMakeTmp'
Building C object CMakeFiles/cmTC_c7f10.dir/CheckPrototypeDefinition.c.o
/usr/bin/cc   -D_GNU_SOURCE  -Wall -Wextra -fvisibility=hidden -fPIC -Wno-missing-field-initializers -Wstrict-aliasing -Wstrict-prototypes -Wdeclaration-after-statement -Wshift-count-overflow -Wunused-const-variable -Wunused-function -Wint-conversion -Wformat -Wformat-security    -o CMakeFiles/cmTC_c7f10.dir/CheckPrototypeDefinition.c.o   -c /home/ilya/Desktop/code/git_tool/libgit2/build/CMakeFiles/CMakeTmp/CheckPrototypeDefinition.c
/home/ilya/Desktop/code/git_tool/libgit2/build/CMakeFiles/CMakeTmp/CheckPrototypeDefinition.c: In function ‘qsort_r’:
/home/ilya/Desktop/code/git_tool/libgit2/build/CMakeFiles/CMakeTmp/CheckPrototypeDefinition.c:14:20: warning: unused parameter ‘base’ [-Wunused-parameter]
   14 | void qsort_r(void *base, size_t nmemb, size_t size, int (*compar)(const void *, const void *, void *), void *arg) {
      |              ~~~~~~^~~~
/home/ilya/Desktop/code/git_tool/libgit2/build/CMakeFiles/CMakeTmp/CheckPrototypeDefinition.c:14:33: warning: unused parameter ‘nmemb’ [-Wunused-parameter]
   14 | void qsort_r(void *base, size_t nmemb, size_t size, int (*compar)(const void *, const void *, void *), void *arg) {
      |                          ~~~~~~~^~~~~
/home/ilya/Desktop/code/git_tool/libgit2/build/CMakeFiles/CMakeTmp/CheckPrototypeDefinition.c:14:47: warning: unused parameter ‘size’ [-Wunused-parameter]
   14 | void qsort_r(void *base, size_t nmemb, size_t size, int (*compar)(const void *, const void *, void *), void *arg) {
      |                                        ~~~~~~~^~~~
/home/ilya/Desktop/code/git_tool/libgit2/build/CMakeFiles/CMakeTmp/CheckPrototypeDefinition.c:14:59: warning: unused parameter ‘compar’ [-Wunused-parameter]
   14 | void qsort_r(void *base, size_t nmemb, size_t size, int (*compar)(const void *, const void *, void *), void *arg) {
      |                                                     ~~~~~~^~~~~~~~~~~~~~~~~~~~~~~~~~~~~~~~~~~~~~~~~~~
/home/ilya/Desktop/code/git_tool/libgit2/build/CMakeFiles/CMakeTmp/CheckPrototypeDefinition.c:14:110: warning: unused parameter ‘arg’ [-Wunused-parameter]
   14 | void qsort_r(void *base, size_t nmemb, size_t size, int (*compar)(const void *, const void *, void *), void *arg) {
      |                                                                                                        ~~~~~~^~~
Linking C executable cmTC_c7f10
/usr/bin/cmake -E cmake_link_script CMakeFiles/cmTC_c7f10.dir/link.txt --verbose=1
/usr/bin/cc -D_GNU_SOURCE  -Wall -Wextra -fvisibility=hidden -fPIC -Wno-missing-field-initializers -Wstrict-aliasing -Wstrict-prototypes -Wdeclaration-after-statement -Wshift-count-overflow -Wunused-const-variable -Wunused-function -Wint-conversion -Wformat -Wformat-security     CMakeFiles/cmTC_c7f10.dir/CheckPrototypeDefinition.c.o  -o cmTC_c7f10 
make[1]: Leaving directory '/home/ilya/Desktop/code/git_tool/libgit2/build/CMakeFiles/CMakeTmp'


Determining if the function clock_gettime exists in the rt passed with the following output:
Change Dir: /home/ilya/Desktop/code/git_tool/libgit2/build/CMakeFiles/CMakeTmp

Run Build Command:"/usr/bin/make" "cmTC_d6b82/fast"
/usr/bin/make -f CMakeFiles/cmTC_d6b82.dir/build.make CMakeFiles/cmTC_d6b82.dir/build
make[1]: Entering directory '/home/ilya/Desktop/code/git_tool/libgit2/build/CMakeFiles/CMakeTmp'
Building C object CMakeFiles/cmTC_d6b82.dir/CheckFunctionExists.c.o
/usr/bin/cc   -D_GNU_SOURCE  -Wall -Wextra -fvisibility=hidden -fPIC -Wno-missing-field-initializers -Wstrict-aliasing -Wstrict-prototypes -Wdeclaration-after-statement -Wshift-count-overflow -Wunused-const-variable -Wunused-function -Wint-conversion -Wformat -Wformat-security -DCHECK_FUNCTION_EXISTS=clock_gettime   -o CMakeFiles/cmTC_d6b82.dir/CheckFunctionExists.c.o   -c /usr/share/cmake-3.10/Modules/CheckFunctionExists.c
Linking C executable cmTC_d6b82
/usr/bin/cmake -E cmake_link_script CMakeFiles/cmTC_d6b82.dir/link.txt --verbose=1
/usr/bin/cc -D_GNU_SOURCE  -Wall -Wextra -fvisibility=hidden -fPIC -Wno-missing-field-initializers -Wstrict-aliasing -Wstrict-prototypes -Wdeclaration-after-statement -Wshift-count-overflow -Wunused-const-variable -Wunused-function -Wint-conversion -Wformat -Wformat-security -DCHECK_FUNCTION_EXISTS=clock_gettime    CMakeFiles/cmTC_d6b82.dir/CheckFunctionExists.c.o  -o cmTC_d6b82  -L/home/ilya/Desktop/code/git_tool/libgit2/build/CMakeFiles/CMakeTmp/time.h -Wl,-rpath,/home/ilya/Desktop/code/git_tool/libgit2/build/CMakeFiles/CMakeTmp/time.h -lrt 
make[1]: Leaving directory '/home/ilya/Desktop/code/git_tool/libgit2/build/CMakeFiles/CMakeTmp'


Determining if the include file dirent.h exists passed with the following output:
Change Dir: /home/ilya/Desktop/code/git_tool/libgit2/build/CMakeFiles/CMakeTmp

Run Build Command:"/usr/bin/make" "cmTC_d8661/fast"
/usr/bin/make -f CMakeFiles/cmTC_d8661.dir/build.make CMakeFiles/cmTC_d8661.dir/build
make[1]: Entering directory '/home/ilya/Desktop/code/git_tool/libgit2/build/CMakeFiles/CMakeTmp'
Building C object CMakeFiles/cmTC_d8661.dir/CheckIncludeFile.c.o
/usr/bin/cc   -D_GNU_SOURCE  -Wall -Wextra -fvisibility=hidden -fPIC -Wno-missing-field-initializers -Wstrict-aliasing -Wstrict-prototypes -Wdeclaration-after-statement -Wshift-count-overflow -Wunused-const-variable -Wunused-function -Wint-conversion -Wformat -Wformat-security    -o CMakeFiles/cmTC_d8661.dir/CheckIncludeFile.c.o   -c /home/ilya/Desktop/code/git_tool/libgit2/build/CMakeFiles/CMakeTmp/CheckIncludeFile.c
Linking C executable cmTC_d8661
/usr/bin/cmake -E cmake_link_script CMakeFiles/cmTC_d8661.dir/link.txt --verbose=1
/usr/bin/cc -D_GNU_SOURCE  -Wall -Wextra -fvisibility=hidden -fPIC -Wno-missing-field-initializers -Wstrict-aliasing -Wstrict-prototypes -Wdeclaration-after-statement -Wshift-count-overflow -Wunused-const-variable -Wunused-function -Wint-conversion -Wformat -Wformat-security     CMakeFiles/cmTC_d8661.dir/CheckIncludeFile.c.o  -o cmTC_d8661 
make[1]: Leaving directory '/home/ilya/Desktop/code/git_tool/libgit2/build/CMakeFiles/CMakeTmp'


Determining if the include file stdint.h exists passed with the following output:
Change Dir: /home/ilya/Desktop/code/git_tool/libgit2/build/CMakeFiles/CMakeTmp

Run Build Command:"/usr/bin/make" "cmTC_cfe8d/fast"
/usr/bin/make -f CMakeFiles/cmTC_cfe8d.dir/build.make CMakeFiles/cmTC_cfe8d.dir/build
make[1]: Entering directory '/home/ilya/Desktop/code/git_tool/libgit2/build/CMakeFiles/CMakeTmp'
Building C object CMakeFiles/cmTC_cfe8d.dir/CheckIncludeFile.c.o
/usr/bin/cc   -D_GNU_SOURCE  -Wall -Wextra -fvisibility=hidden -fPIC -Wno-missing-field-initializers -Wstrict-aliasing -Wstrict-prototypes -Wdeclaration-after-statement -Wshift-count-overflow -Wunused-const-variable -Wunused-function -Wint-conversion -Wformat -Wformat-security    -o CMakeFiles/cmTC_cfe8d.dir/CheckIncludeFile.c.o   -c /home/ilya/Desktop/code/git_tool/libgit2/build/CMakeFiles/CMakeTmp/CheckIncludeFile.c
Linking C executable cmTC_cfe8d
/usr/bin/cmake -E cmake_link_script CMakeFiles/cmTC_cfe8d.dir/link.txt --verbose=1
/usr/bin/cc -D_GNU_SOURCE  -Wall -Wextra -fvisibility=hidden -fPIC -Wno-missing-field-initializers -Wstrict-aliasing -Wstrict-prototypes -Wdeclaration-after-statement -Wshift-count-overflow -Wunused-const-variable -Wunused-function -Wint-conversion -Wformat -Wformat-security     CMakeFiles/cmTC_cfe8d.dir/CheckIncludeFile.c.o  -o cmTC_cfe8d 
make[1]: Leaving directory '/home/ilya/Desktop/code/git_tool/libgit2/build/CMakeFiles/CMakeTmp'


Determining if the include file inttypes.h exists passed with the following output:
Change Dir: /home/ilya/Desktop/code/git_tool/libgit2/build/CMakeFiles/CMakeTmp

Run Build Command:"/usr/bin/make" "cmTC_dc940/fast"
/usr/bin/make -f CMakeFiles/cmTC_dc940.dir/build.make CMakeFiles/cmTC_dc940.dir/build
make[1]: Entering directory '/home/ilya/Desktop/code/git_tool/libgit2/build/CMakeFiles/CMakeTmp'
Building C object CMakeFiles/cmTC_dc940.dir/CheckIncludeFile.c.o
/usr/bin/cc   -D_GNU_SOURCE  -Wall -Wextra -fvisibility=hidden -fPIC -Wno-missing-field-initializers -Wstrict-aliasing -Wstrict-prototypes -Wdeclaration-after-statement -Wshift-count-overflow -Wunused-const-variable -Wunused-function -Wint-conversion -Wformat -Wformat-security    -o CMakeFiles/cmTC_dc940.dir/CheckIncludeFile.c.o   -c /home/ilya/Desktop/code/git_tool/libgit2/build/CMakeFiles/CMakeTmp/CheckIncludeFile.c
Linking C executable cmTC_dc940
/usr/bin/cmake -E cmake_link_script CMakeFiles/cmTC_dc940.dir/link.txt --verbose=1
/usr/bin/cc -D_GNU_SOURCE  -Wall -Wextra -fvisibility=hidden -fPIC -Wno-missing-field-initializers -Wstrict-aliasing -Wstrict-prototypes -Wdeclaration-after-statement -Wshift-count-overflow -Wunused-const-variable -Wunused-function -Wint-conversion -Wformat -Wformat-security     CMakeFiles/cmTC_dc940.dir/CheckIncludeFile.c.o  -o cmTC_dc940 
make[1]: Leaving directory '/home/ilya/Desktop/code/git_tool/libgit2/build/CMakeFiles/CMakeTmp'


Determining if the include file sys/stat.h exists passed with the following output:
Change Dir: /home/ilya/Desktop/code/git_tool/libgit2/build/CMakeFiles/CMakeTmp

Run Build Command:"/usr/bin/make" "cmTC_49ecc/fast"
/usr/bin/make -f CMakeFiles/cmTC_49ecc.dir/build.make CMakeFiles/cmTC_49ecc.dir/build
make[1]: Entering directory '/home/ilya/Desktop/code/git_tool/libgit2/build/CMakeFiles/CMakeTmp'
Building C object CMakeFiles/cmTC_49ecc.dir/CheckIncludeFile.c.o
/usr/bin/cc   -D_GNU_SOURCE  -Wall -Wextra -fvisibility=hidden -fPIC -Wno-missing-field-initializers -Wstrict-aliasing -Wstrict-prototypes -Wdeclaration-after-statement -Wshift-count-overflow -Wunused-const-variable -Wunused-function -Wint-conversion -Wformat -Wformat-security    -o CMakeFiles/cmTC_49ecc.dir/CheckIncludeFile.c.o   -c /home/ilya/Desktop/code/git_tool/libgit2/build/CMakeFiles/CMakeTmp/CheckIncludeFile.c
Linking C executable cmTC_49ecc
/usr/bin/cmake -E cmake_link_script CMakeFiles/cmTC_49ecc.dir/link.txt --verbose=1
/usr/bin/cc -D_GNU_SOURCE  -Wall -Wextra -fvisibility=hidden -fPIC -Wno-missing-field-initializers -Wstrict-aliasing -Wstrict-prototypes -Wdeclaration-after-statement -Wshift-count-overflow -Wunused-const-variable -Wunused-function -Wint-conversion -Wformat -Wformat-security     CMakeFiles/cmTC_49ecc.dir/CheckIncludeFile.c.o  -o cmTC_49ecc 
make[1]: Leaving directory '/home/ilya/Desktop/code/git_tool/libgit2/build/CMakeFiles/CMakeTmp'


Determining if the include file sys/types.h exists passed with the following output:
Change Dir: /home/ilya/Desktop/code/git_tool/libgit2/build/CMakeFiles/CMakeTmp

Run Build Command:"/usr/bin/make" "cmTC_a8eac/fast"
/usr/bin/make -f CMakeFiles/cmTC_a8eac.dir/build.make CMakeFiles/cmTC_a8eac.dir/build
make[1]: Entering directory '/home/ilya/Desktop/code/git_tool/libgit2/build/CMakeFiles/CMakeTmp'
Building C object CMakeFiles/cmTC_a8eac.dir/CheckIncludeFile.c.o
/usr/bin/cc   -D_GNU_SOURCE  -Wall -Wextra -fvisibility=hidden -fPIC -Wno-missing-field-initializers -Wstrict-aliasing -Wstrict-prototypes -Wdeclaration-after-statement -Wshift-count-overflow -Wunused-const-variable -Wunused-function -Wint-conversion -Wformat -Wformat-security    -o CMakeFiles/cmTC_a8eac.dir/CheckIncludeFile.c.o   -c /home/ilya/Desktop/code/git_tool/libgit2/build/CMakeFiles/CMakeTmp/CheckIncludeFile.c
Linking C executable cmTC_a8eac
/usr/bin/cmake -E cmake_link_script CMakeFiles/cmTC_a8eac.dir/link.txt --verbose=1
/usr/bin/cc -D_GNU_SOURCE  -Wall -Wextra -fvisibility=hidden -fPIC -Wno-missing-field-initializers -Wstrict-aliasing -Wstrict-prototypes -Wdeclaration-after-statement -Wshift-count-overflow -Wunused-const-variable -Wunused-function -Wint-conversion -Wformat -Wformat-security     CMakeFiles/cmTC_a8eac.dir/CheckIncludeFile.c.o  -o cmTC_a8eac 
make[1]: Leaving directory '/home/ilya/Desktop/code/git_tool/libgit2/build/CMakeFiles/CMakeTmp'


Determining if the include file unistd.h exists passed with the following output:
Change Dir: /home/ilya/Desktop/code/git_tool/libgit2/build/CMakeFiles/CMakeTmp

Run Build Command:"/usr/bin/make" "cmTC_1d5a6/fast"
/usr/bin/make -f CMakeFiles/cmTC_1d5a6.dir/build.make CMakeFiles/cmTC_1d5a6.dir/build
make[1]: Entering directory '/home/ilya/Desktop/code/git_tool/libgit2/build/CMakeFiles/CMakeTmp'
Building C object CMakeFiles/cmTC_1d5a6.dir/CheckIncludeFile.c.o
/usr/bin/cc   -D_GNU_SOURCE  -Wall -Wextra -fvisibility=hidden -fPIC -Wno-missing-field-initializers -Wstrict-aliasing -Wstrict-prototypes -Wdeclaration-after-statement -Wshift-count-overflow -Wunused-const-variable -Wunused-function -Wint-conversion -Wformat -Wformat-security    -o CMakeFiles/cmTC_1d5a6.dir/CheckIncludeFile.c.o   -c /home/ilya/Desktop/code/git_tool/libgit2/build/CMakeFiles/CMakeTmp/CheckIncludeFile.c
Linking C executable cmTC_1d5a6
/usr/bin/cmake -E cmake_link_script CMakeFiles/cmTC_1d5a6.dir/link.txt --verbose=1
/usr/bin/cc -D_GNU_SOURCE  -Wall -Wextra -fvisibility=hidden -fPIC -Wno-missing-field-initializers -Wstrict-aliasing -Wstrict-prototypes -Wdeclaration-after-statement -Wshift-count-overflow -Wunused-const-variable -Wunused-function -Wint-conversion -Wformat -Wformat-security     CMakeFiles/cmTC_1d5a6.dir/CheckIncludeFile.c.o  -o cmTC_1d5a6 
make[1]: Leaving directory '/home/ilya/Desktop/code/git_tool/libgit2/build/CMakeFiles/CMakeTmp'


Determining if the function bcopy exists passed with the following output:
Change Dir: /home/ilya/Desktop/code/git_tool/libgit2/build/CMakeFiles/CMakeTmp

Run Build Command:"/usr/bin/make" "cmTC_f766f/fast"
/usr/bin/make -f CMakeFiles/cmTC_f766f.dir/build.make CMakeFiles/cmTC_f766f.dir/build
make[1]: Entering directory '/home/ilya/Desktop/code/git_tool/libgit2/build/CMakeFiles/CMakeTmp'
Building C object CMakeFiles/cmTC_f766f.dir/CheckFunctionExists.c.o
/usr/bin/cc   -D_GNU_SOURCE  -Wall -Wextra -fvisibility=hidden -fPIC -Wno-missing-field-initializers -Wstrict-aliasing -Wstrict-prototypes -Wdeclaration-after-statement -Wshift-count-overflow -Wunused-const-variable -Wunused-function -Wint-conversion -Wformat -Wformat-security -DCHECK_FUNCTION_EXISTS=bcopy   -o CMakeFiles/cmTC_f766f.dir/CheckFunctionExists.c.o   -c /usr/share/cmake-3.10/Modules/CheckFunctionExists.c
<command-line>: warning: conflicting types for built-in function ‘bcopy’; expected ‘void(const void *, void *, long unsigned int)’ [-Wbuiltin-declaration-mismatch]
/usr/share/cmake-3.10/Modules/CheckFunctionExists.c:7:3: note: in expansion of macro ‘CHECK_FUNCTION_EXISTS’
    7 |   CHECK_FUNCTION_EXISTS(void);
      |   ^~~~~~~~~~~~~~~~~~~~~
Linking C executable cmTC_f766f
/usr/bin/cmake -E cmake_link_script CMakeFiles/cmTC_f766f.dir/link.txt --verbose=1
/usr/bin/cc -D_GNU_SOURCE  -Wall -Wextra -fvisibility=hidden -fPIC -Wno-missing-field-initializers -Wstrict-aliasing -Wstrict-prototypes -Wdeclaration-after-statement -Wshift-count-overflow -Wunused-const-variable -Wunused-function -Wint-conversion -Wformat -Wformat-security -DCHECK_FUNCTION_EXISTS=bcopy    CMakeFiles/cmTC_f766f.dir/CheckFunctionExists.c.o  -o cmTC_f766f 
make[1]: Leaving directory '/home/ilya/Desktop/code/git_tool/libgit2/build/CMakeFiles/CMakeTmp'


Determining if the function memmove exists passed with the following output:
Change Dir: /home/ilya/Desktop/code/git_tool/libgit2/build/CMakeFiles/CMakeTmp

Run Build Command:"/usr/bin/make" "cmTC_cb697/fast"
/usr/bin/make -f CMakeFiles/cmTC_cb697.dir/build.make CMakeFiles/cmTC_cb697.dir/build
make[1]: Entering directory '/home/ilya/Desktop/code/git_tool/libgit2/build/CMakeFiles/CMakeTmp'
Building C object CMakeFiles/cmTC_cb697.dir/CheckFunctionExists.c.o
/usr/bin/cc   -D_GNU_SOURCE  -Wall -Wextra -fvisibility=hidden -fPIC -Wno-missing-field-initializers -Wstrict-aliasing -Wstrict-prototypes -Wdeclaration-after-statement -Wshift-count-overflow -Wunused-const-variable -Wunused-function -Wint-conversion -Wformat -Wformat-security -DCHECK_FUNCTION_EXISTS=memmove   -o CMakeFiles/cmTC_cb697.dir/CheckFunctionExists.c.o   -c /usr/share/cmake-3.10/Modules/CheckFunctionExists.c
<command-line>: warning: conflicting types for built-in function ‘memmove’; expected ‘void *(void *, const void *, long unsigned int)’ [-Wbuiltin-declaration-mismatch]
/usr/share/cmake-3.10/Modules/CheckFunctionExists.c:7:3: note: in expansion of macro ‘CHECK_FUNCTION_EXISTS’
    7 |   CHECK_FUNCTION_EXISTS(void);
      |   ^~~~~~~~~~~~~~~~~~~~~
/usr/share/cmake-3.10/Modules/CheckFunctionExists.c:1:1: note: ‘memmove’ is declared in header ‘<string.h>’
  +++ |+#include <string.h>
    1 | #ifdef CHECK_FUNCTION_EXISTS
Linking C executable cmTC_cb697
/usr/bin/cmake -E cmake_link_script CMakeFiles/cmTC_cb697.dir/link.txt --verbose=1
/usr/bin/cc -D_GNU_SOURCE  -Wall -Wextra -fvisibility=hidden -fPIC -Wno-missing-field-initializers -Wstrict-aliasing -Wstrict-prototypes -Wdeclaration-after-statement -Wshift-count-overflow -Wunused-const-variable -Wunused-function -Wint-conversion -Wformat -Wformat-security -DCHECK_FUNCTION_EXISTS=memmove    CMakeFiles/cmTC_cb697.dir/CheckFunctionExists.c.o  -o cmTC_cb697 
make[1]: Leaving directory '/home/ilya/Desktop/code/git_tool/libgit2/build/CMakeFiles/CMakeTmp'


Determining if the function strerror exists passed with the following output:
Change Dir: /home/ilya/Desktop/code/git_tool/libgit2/build/CMakeFiles/CMakeTmp

Run Build Command:"/usr/bin/make" "cmTC_186d0/fast"
/usr/bin/make -f CMakeFiles/cmTC_186d0.dir/build.make CMakeFiles/cmTC_186d0.dir/build
make[1]: Entering directory '/home/ilya/Desktop/code/git_tool/libgit2/build/CMakeFiles/CMakeTmp'
Building C object CMakeFiles/cmTC_186d0.dir/CheckFunctionExists.c.o
/usr/bin/cc   -D_GNU_SOURCE  -Wall -Wextra -fvisibility=hidden -fPIC -Wno-missing-field-initializers -Wstrict-aliasing -Wstrict-prototypes -Wdeclaration-after-statement -Wshift-count-overflow -Wunused-const-variable -Wunused-function -Wint-conversion -Wformat -Wformat-security -DCHECK_FUNCTION_EXISTS=strerror   -o CMakeFiles/cmTC_186d0.dir/CheckFunctionExists.c.o   -c /usr/share/cmake-3.10/Modules/CheckFunctionExists.c
Linking C executable cmTC_186d0
/usr/bin/cmake -E cmake_link_script CMakeFiles/cmTC_186d0.dir/link.txt --verbose=1
/usr/bin/cc -D_GNU_SOURCE  -Wall -Wextra -fvisibility=hidden -fPIC -Wno-missing-field-initializers -Wstrict-aliasing -Wstrict-prototypes -Wdeclaration-after-statement -Wshift-count-overflow -Wunused-const-variable -Wunused-function -Wint-conversion -Wformat -Wformat-security -DCHECK_FUNCTION_EXISTS=strerror    CMakeFiles/cmTC_186d0.dir/CheckFunctionExists.c.o  -o cmTC_186d0 
make[1]: Leaving directory '/home/ilya/Desktop/code/git_tool/libgit2/build/CMakeFiles/CMakeTmp'


Determining if the function strtoll exists passed with the following output:
Change Dir: /home/ilya/Desktop/code/git_tool/libgit2/build/CMakeFiles/CMakeTmp

Run Build Command:"/usr/bin/make" "cmTC_de291/fast"
/usr/bin/make -f CMakeFiles/cmTC_de291.dir/build.make CMakeFiles/cmTC_de291.dir/build
make[1]: Entering directory '/home/ilya/Desktop/code/git_tool/libgit2/build/CMakeFiles/CMakeTmp'
Building C object CMakeFiles/cmTC_de291.dir/CheckFunctionExists.c.o
/usr/bin/cc   -D_GNU_SOURCE  -Wall -Wextra -fvisibility=hidden -fPIC -Wno-missing-field-initializers -Wstrict-aliasing -Wstrict-prototypes -Wdeclaration-after-statement -Wshift-count-overflow -Wunused-const-variable -Wunused-function -Wint-conversion -Wformat -Wformat-security -DCHECK_FUNCTION_EXISTS=strtoll   -o CMakeFiles/cmTC_de291.dir/CheckFunctionExists.c.o   -c /usr/share/cmake-3.10/Modules/CheckFunctionExists.c
Linking C executable cmTC_de291
/usr/bin/cmake -E cmake_link_script CMakeFiles/cmTC_de291.dir/link.txt --verbose=1
/usr/bin/cc -D_GNU_SOURCE  -Wall -Wextra -fvisibility=hidden -fPIC -Wno-missing-field-initializers -Wstrict-aliasing -Wstrict-prototypes -Wdeclaration-after-statement -Wshift-count-overflow -Wunused-const-variable -Wunused-function -Wint-conversion -Wformat -Wformat-security -DCHECK_FUNCTION_EXISTS=strtoll    CMakeFiles/cmTC_de291.dir/CheckFunctionExists.c.o  -o cmTC_de291 
make[1]: Leaving directory '/home/ilya/Desktop/code/git_tool/libgit2/build/CMakeFiles/CMakeTmp'


Determining if the function strtoq exists passed with the following output:
Change Dir: /home/ilya/Desktop/code/git_tool/libgit2/build/CMakeFiles/CMakeTmp

Run Build Command:"/usr/bin/make" "cmTC_955ea/fast"
/usr/bin/make -f CMakeFiles/cmTC_955ea.dir/build.make CMakeFiles/cmTC_955ea.dir/build
make[1]: Entering directory '/home/ilya/Desktop/code/git_tool/libgit2/build/CMakeFiles/CMakeTmp'
Building C object CMakeFiles/cmTC_955ea.dir/CheckFunctionExists.c.o
/usr/bin/cc   -D_GNU_SOURCE  -Wall -Wextra -fvisibility=hidden -fPIC -Wno-missing-field-initializers -Wstrict-aliasing -Wstrict-prototypes -Wdeclaration-after-statement -Wshift-count-overflow -Wunused-const-variable -Wunused-function -Wint-conversion -Wformat -Wformat-security -DCHECK_FUNCTION_EXISTS=strtoq   -o CMakeFiles/cmTC_955ea.dir/CheckFunctionExists.c.o   -c /usr/share/cmake-3.10/Modules/CheckFunctionExists.c
Linking C executable cmTC_955ea
/usr/bin/cmake -E cmake_link_script CMakeFiles/cmTC_955ea.dir/link.txt --verbose=1
/usr/bin/cc -D_GNU_SOURCE  -Wall -Wextra -fvisibility=hidden -fPIC -Wno-missing-field-initializers -Wstrict-aliasing -Wstrict-prototypes -Wdeclaration-after-statement -Wshift-count-overflow -Wunused-const-variable -Wunused-function -Wint-conversion -Wformat -Wformat-security -DCHECK_FUNCTION_EXISTS=strtoq    CMakeFiles/cmTC_955ea.dir/CheckFunctionExists.c.o  -o cmTC_955ea 
make[1]: Leaving directory '/home/ilya/Desktop/code/git_tool/libgit2/build/CMakeFiles/CMakeTmp'


Determining if the include file stddef.h exists passed with the following output:
Change Dir: /home/ilya/Desktop/code/git_tool/libgit2/build/CMakeFiles/CMakeTmp

Run Build Command:"/usr/bin/make" "cmTC_63657/fast"
/usr/bin/make -f CMakeFiles/cmTC_63657.dir/build.make CMakeFiles/cmTC_63657.dir/build
make[1]: Entering directory '/home/ilya/Desktop/code/git_tool/libgit2/build/CMakeFiles/CMakeTmp'
Building C object CMakeFiles/cmTC_63657.dir/CheckIncludeFile.c.o
/usr/bin/cc   -D_GNU_SOURCE  -Wall -Wextra -fvisibility=hidden -fPIC -Wno-missing-field-initializers -Wstrict-aliasing -Wstrict-prototypes -Wdeclaration-after-statement -Wshift-count-overflow -Wunused-const-variable -Wunused-function -Wint-conversion -Wformat -Wformat-security    -o CMakeFiles/cmTC_63657.dir/CheckIncludeFile.c.o   -c /home/ilya/Desktop/code/git_tool/libgit2/build/CMakeFiles/CMakeTmp/CheckIncludeFile.c
Linking C executable cmTC_63657
/usr/bin/cmake -E cmake_link_script CMakeFiles/cmTC_63657.dir/link.txt --verbose=1
/usr/bin/cc -D_GNU_SOURCE  -Wall -Wextra -fvisibility=hidden -fPIC -Wno-missing-field-initializers -Wstrict-aliasing -Wstrict-prototypes -Wdeclaration-after-statement -Wshift-count-overflow -Wunused-const-variable -Wunused-function -Wint-conversion -Wformat -Wformat-security     CMakeFiles/cmTC_63657.dir/CheckIncludeFile.c.o  -o cmTC_63657 
make[1]: Leaving directory '/home/ilya/Desktop/code/git_tool/libgit2/build/CMakeFiles/CMakeTmp'


Determining size of long long passed with the following output:
Change Dir: /home/ilya/Desktop/code/git_tool/libgit2/build/CMakeFiles/CMakeTmp

Run Build Command:"/usr/bin/make" "cmTC_3d71e/fast"
/usr/bin/make -f CMakeFiles/cmTC_3d71e.dir/build.make CMakeFiles/cmTC_3d71e.dir/build
make[1]: Entering directory '/home/ilya/Desktop/code/git_tool/libgit2/build/CMakeFiles/CMakeTmp'
Building C object CMakeFiles/cmTC_3d71e.dir/LONG_LONG.c.o
/usr/bin/cc   -D_GNU_SOURCE  -Wall -Wextra -fvisibility=hidden -fPIC -Wno-missing-field-initializers -Wstrict-aliasing -Wstrict-prototypes -Wdeclaration-after-statement -Wshift-count-overflow -Wunused-const-variable -Wunused-function -Wint-conversion -Wformat -Wformat-security    -o CMakeFiles/cmTC_3d71e.dir/LONG_LONG.c.o   -c /home/ilya/Desktop/code/git_tool/libgit2/build/CMakeFiles/CheckTypeSize/LONG_LONG.c
Linking C executable cmTC_3d71e
/usr/bin/cmake -E cmake_link_script CMakeFiles/cmTC_3d71e.dir/link.txt --verbose=1
/usr/bin/cc -D_GNU_SOURCE  -Wall -Wextra -fvisibility=hidden -fPIC -Wno-missing-field-initializers -Wstrict-aliasing -Wstrict-prototypes -Wdeclaration-after-statement -Wshift-count-overflow -Wunused-const-variable -Wunused-function -Wint-conversion -Wformat -Wformat-security     CMakeFiles/cmTC_3d71e.dir/LONG_LONG.c.o  -o cmTC_3d71e 
make[1]: Leaving directory '/home/ilya/Desktop/code/git_tool/libgit2/build/CMakeFiles/CMakeTmp'


Determining size of unsigned long long passed with the following output:
Change Dir: /home/ilya/Desktop/code/git_tool/libgit2/build/CMakeFiles/CMakeTmp

Run Build Command:"/usr/bin/make" "cmTC_d2fdf/fast"
/usr/bin/make -f CMakeFiles/cmTC_d2fdf.dir/build.make CMakeFiles/cmTC_d2fdf.dir/build
make[1]: Entering directory '/home/ilya/Desktop/code/git_tool/libgit2/build/CMakeFiles/CMakeTmp'
Building C object CMakeFiles/cmTC_d2fdf.dir/UNSIGNED_LONG_LONG.c.o
/usr/bin/cc   -D_GNU_SOURCE  -Wall -Wextra -fvisibility=hidden -fPIC -Wno-missing-field-initializers -Wstrict-aliasing -Wstrict-prototypes -Wdeclaration-after-statement -Wshift-count-overflow -Wunused-const-variable -Wunused-function -Wint-conversion -Wformat -Wformat-security    -o CMakeFiles/cmTC_d2fdf.dir/UNSIGNED_LONG_LONG.c.o   -c /home/ilya/Desktop/code/git_tool/libgit2/build/CMakeFiles/CheckTypeSize/UNSIGNED_LONG_LONG.c
Linking C executable cmTC_d2fdf
/usr/bin/cmake -E cmake_link_script CMakeFiles/cmTC_d2fdf.dir/link.txt --verbose=1
/usr/bin/cc -D_GNU_SOURCE  -Wall -Wextra -fvisibility=hidden -fPIC -Wno-missing-field-initializers -Wstrict-aliasing -Wstrict-prototypes -Wdeclaration-after-statement -Wshift-count-overflow -Wunused-const-variable -Wunused-function -Wint-conversion -Wformat -Wformat-security     CMakeFiles/cmTC_d2fdf.dir/UNSIGNED_LONG_LONG.c.o  -o cmTC_d2fdf 
make[1]: Leaving directory '/home/ilya/Desktop/code/git_tool/libgit2/build/CMakeFiles/CMakeTmp'


Performing C SOURCE FILE Test IS_WNO_UNUSED_FUNCTION_SUPPORTED succeeded with the following output:
Change Dir: /home/ilya/Desktop/code/git_tool/libgit2/build/CMakeFiles/CMakeTmp

Run Build Command:"/usr/bin/make" "cmTC_53703/fast"
/usr/bin/make -f CMakeFiles/cmTC_53703.dir/build.make CMakeFiles/cmTC_53703.dir/build
make[1]: Entering directory '/home/ilya/Desktop/code/git_tool/libgit2/build/CMakeFiles/CMakeTmp'
Building C object CMakeFiles/cmTC_53703.dir/src.c.o
/usr/bin/cc   -D_GNU_SOURCE  -Wall -Wextra -fvisibility=hidden -fPIC -Wno-missing-field-initializers -Wstrict-aliasing -Wstrict-prototypes -Wdeclaration-after-statement -Wshift-count-overflow -Wunused-const-variable -Wunused-function -Wint-conversion -Wformat -Wformat-security -DIS_WNO_UNUSED_FUNCTION_SUPPORTED   -Wno-unused-function -o CMakeFiles/cmTC_53703.dir/src.c.o   -c /home/ilya/Desktop/code/git_tool/libgit2/build/CMakeFiles/CMakeTmp/src.c
Linking C executable cmTC_53703
/usr/bin/cmake -E cmake_link_script CMakeFiles/cmTC_53703.dir/link.txt --verbose=1
/usr/bin/cc -D_GNU_SOURCE  -Wall -Wextra -fvisibility=hidden -fPIC -Wno-missing-field-initializers -Wstrict-aliasing -Wstrict-prototypes -Wdeclaration-after-statement -Wshift-count-overflow -Wunused-const-variable -Wunused-function -Wint-conversion -Wformat -Wformat-security -DIS_WNO_UNUSED_FUNCTION_SUPPORTED    CMakeFiles/cmTC_53703.dir/src.c.o  -o cmTC_53703 
make[1]: Leaving directory '/home/ilya/Desktop/code/git_tool/libgit2/build/CMakeFiles/CMakeTmp'

Source file was:
int main(void) { return 0; }
Performing C SOURCE FILE Test IS_WNO_IMPLICIT_FALLTHROUGH_SUPPORTED succeeded with the following output:
Change Dir: /home/ilya/Desktop/code/git_tool/libgit2/build/CMakeFiles/CMakeTmp

Run Build Command:"/usr/bin/make" "cmTC_dc85a/fast"
/usr/bin/make -f CMakeFiles/cmTC_dc85a.dir/build.make CMakeFiles/cmTC_dc85a.dir/build
make[1]: Entering directory '/home/ilya/Desktop/code/git_tool/libgit2/build/CMakeFiles/CMakeTmp'
Building C object CMakeFiles/cmTC_dc85a.dir/src.c.o
/usr/bin/cc   -D_GNU_SOURCE  -Wall -Wextra -fvisibility=hidden -fPIC -Wno-missing-field-initializers -Wstrict-aliasing -Wstrict-prototypes -Wdeclaration-after-statement -Wshift-count-overflow -Wunused-const-variable -Wunused-function -Wint-conversion -Wformat -Wformat-security -Wno-unused-function -DIS_WNO_IMPLICIT_FALLTHROUGH_SUPPORTED   -Wno-implicit-fallthrough -o CMakeFiles/cmTC_dc85a.dir/src.c.o   -c /home/ilya/Desktop/code/git_tool/libgit2/build/CMakeFiles/CMakeTmp/src.c
Linking C executable cmTC_dc85a
/usr/bin/cmake -E cmake_link_script CMakeFiles/cmTC_dc85a.dir/link.txt --verbose=1
/usr/bin/cc -D_GNU_SOURCE  -Wall -Wextra -fvisibility=hidden -fPIC -Wno-missing-field-initializers -Wstrict-aliasing -Wstrict-prototypes -Wdeclaration-after-statement -Wshift-count-overflow -Wunused-const-variable -Wunused-function -Wint-conversion -Wformat -Wformat-security -Wno-unused-function -DIS_WNO_IMPLICIT_FALLTHROUGH_SUPPORTED    CMakeFiles/cmTC_dc85a.dir/src.c.o  -o cmTC_dc85a 
make[1]: Leaving directory '/home/ilya/Desktop/code/git_tool/libgit2/build/CMakeFiles/CMakeTmp'

Source file was:
int main(void) { return 0; }
Performing C SOURCE FILE Test IS_WIMPLICIT_FALLTHROUGH_1_SUPPORTED succeeded with the following output:
Change Dir: /home/ilya/Desktop/code/git_tool/libgit2/build/CMakeFiles/CMakeTmp

Run Build Command:"/usr/bin/make" "cmTC_65666/fast"
/usr/bin/make -f CMakeFiles/cmTC_65666.dir/build.make CMakeFiles/cmTC_65666.dir/build
make[1]: Entering directory '/home/ilya/Desktop/code/git_tool/libgit2/build/CMakeFiles/CMakeTmp'
Building C object CMakeFiles/cmTC_65666.dir/src.c.o
/usr/bin/cc   -D_GNU_SOURCE  -Wall -Wextra -fvisibility=hidden -fPIC -Wno-missing-field-initializers -Wstrict-aliasing -Wstrict-prototypes -Wdeclaration-after-statement -Wshift-count-overflow -Wunused-const-variable -Wunused-function -Wint-conversion -Wformat -Wformat-security -DIS_WIMPLICIT_FALLTHROUGH_1_SUPPORTED   -Wimplicit-fallthrough=1 -o CMakeFiles/cmTC_65666.dir/src.c.o   -c /home/ilya/Desktop/code/git_tool/libgit2/build/CMakeFiles/CMakeTmp/src.c
Linking C executable cmTC_65666
/usr/bin/cmake -E cmake_link_script CMakeFiles/cmTC_65666.dir/link.txt --verbose=1
/usr/bin/cc -D_GNU_SOURCE  -Wall -Wextra -fvisibility=hidden -fPIC -Wno-missing-field-initializers -Wstrict-aliasing -Wstrict-prototypes -Wdeclaration-after-statement -Wshift-count-overflow -Wunused-const-variable -Wunused-function -Wint-conversion -Wformat -Wformat-security -DIS_WIMPLICIT_FALLTHROUGH_1_SUPPORTED    CMakeFiles/cmTC_65666.dir/src.c.o  -o cmTC_65666 
make[1]: Leaving directory '/home/ilya/Desktop/code/git_tool/libgit2/build/CMakeFiles/CMakeTmp'

Source file was:
int main(void) { return 0; }
